Add your message links from the point you wish to start from or leave it blank.
https://t.me/homdgcat/7904
https://t.me/team_mew/5857
2025-11-06 15:13:38 Bot working for team_mew. Time passed: 0:05:05.620514
2025-11-06 15:13:41 Bot working for homdgcat. Time passed: 0:05:07.985099
2025-11-06 15:18:39 Bot working for team_mew. Time passed: 0:10:06.573791
2025-11-06 15:18:41 Bot working for homdgcat. Time passed: 0:10:08.903118
2025-11-06 15:23:40 Bot working for team_mew. Time passed: 0:15:07.484672
2025-11-06 15:23:43 Bot working for homdgcat. Time passed: 0:15:10.223955
2025-11-06 15:28:41 Bot working for team_mew. Time passed: 0:20:08.433875
2025-11-06 15:28:44 Bot working for homdgcat. Time passed: 0:20:11.246162
2025-11-06 15:33:42 Bot working for team_mew. Time passed: 0:25:09.336772
2025-11-06 15:33:45 Bot working for homdgcat. Time passed: 0:25:12.206866
2025-11-06 15:38:43 Bot working for team_mew. Time passed: 0:30:10.504461
2025-11-06 15:38:46 Bot working for homdgcat. Time passed: 0:30:13.141826
2025-11-06 15:43:44 Bot working for team_mew. Time passed: 0:35:11.532761
2025-11-06 15:43:47 Bot working for homdgcat. Time passed: 0:35:14.077435
2025-11-06 15:48:45 Bot working for team_mew. Time passed: 0:40:12.481822
2025-11-06 15:48:48 Bot working for homdgcat. Time passed: 0:40:15.067108
2025-11-06 15:53:46 Bot working for team_mew. Time passed: 0:45:13.442450
2025-11-06 15:53:49 Bot working for homdgcat. Time passed: 0:45:16.045325
2025-11-06 15:58:47 Bot working for team_mew. Time passed: 0:50:14.381306
2025-11-06 15:58:50 Bot working for homdgcat. Time passed: 0:50:17.256441
